<?xml version="1.0" encoding="UTF-8"?>
<!-- Generated by org.testng.reporters.JUnitXMLReporter -->
<testsuite ignored="5" hostname="K-IRFAT-L2" failures="0" tests="1" name="Function Test" time="0.038" errors="0" timestamp="2024-03-13T14:39:19 BDT">
  <testcase classname="UI.Group" name="loginCheck" time="0.008"/>
  <testcase classname="UI.loginTest" name="loginCheck" time="0.0">
    <ignored/>
  </testcase> <!-- loginCheck -->
  <testcase classname="UI.VerifyTitletest" name="titleTest" time="0.0">
    <ignored/>
  </testcase> <!-- titleTest -->
  <testcase classname="UI.Group" name="logoutCheck" time="0.0">
    <ignored/>
  </testcase> <!-- logoutCheck -->
  <testcase classname="UI.VerifySoftAssertAndHardAssert" name="titleTest" time="0.0">
    <ignored/>
  </testcase> <!-- titleTest -->
  <testcase classname="UI.loginTest" name="logoutCheck" time="0.0">
    <ignored/>
  </testcase> <!-- logoutCheck -->
</testsuite> <!-- Function Test -->
