<?xml version="1.0" encoding="UTF-8"?>
<!-- Generated by org.testng.reporters.JUnitXMLReporter -->
<testsuite ignored="0" hostname="K-IRFAT-L2" failures="0" tests="1" name="Test before suite and after suite" time="0.024" errors="0" timestamp="2024-03-18T15:13:11 BDT">
  <testcase classname="Common.BaseTest" name="@BeforeSuite lunchBrowser" time="-1.710753191566E9">
    <failure type="org.testng.TestNGException" message="
Can inject only one of &amp;lt;ITestContext, XmlTest&amp;gt; into a @BeforeSuite annotated lunchBrowser.
For more information on native dependency injection please refer to https://testng.org/doc/documentation-main.html#native-dependency-injection">
      <![CDATA[org.testng.TestNGException: 
Can inject only one of <ITestContext, XmlTest> into a @BeforeSuite annotated lunchBrowser.
For more information on native dependency injection please refer to https://testng.org/doc/documentation-main.html#native-dependency-injection
... Removed 16 stack frames]]>
    </failure>
  </testcase> <!-- @BeforeSuite lunchBrowser -->
  <testcase classname="Page.loginClass" name="loginTest" time="0.0">
    <skipped/>
  </testcase> <!-- loginTest -->
</testsuite> <!-- Test before suite and after suite -->
