<?xml version="1.0" encoding="UTF-8"?>
<testng-results ignored="0" total="1" passed="1" failed="0" skipped="0">
  <reporter-output>
  </reporter-output>
  <suite started-at="2024-03-19T15:17:23 BDT" name="login Testing" finished-at="2024-03-19T15:17:23 BDT" duration-ms="31">
    <groups>
    </groups>
    <test started-at="2024-03-19T15:17:23 BDT" name="Test before suite and after suite" finished-at="2024-03-19T15:17:23 BDT" duration-ms="31">
      <class name="Page.loginClass">
        <test-method is-config="true" signature="lunchBrowser(java.lang.String)[pri:0, instance:Page.loginClass@72d1ad2e]" started-at="2024-03-19T15:17:13 BDT" name="lunchBrowser" finished-at="2024-03-19T15:17:23 BDT" duration-ms="10262" status="PASS">
          <params>
            <param index="0">
              <value>
                <![CDATA[chrome]]>
              </value>
            </param>
          </params>
          <reporter-output>
          </reporter-output>
        </test-method> <!-- lunchBrowser -->
        <test-method signature="loginTest()[pri:0, instance:Page.loginClass@72d1ad2e]" started-at="2024-03-19T15:17:23 BDT" name="loginTest" finished-at="2024-03-19T15:17:23 BDT" duration-ms="6" status="PASS">
          <reporter-output>
          </reporter-output>
        </test-method> <!-- loginTest -->
      </class> <!-- Page.loginClass -->
    </test> <!-- Test before suite and after suite -->
  </suite> <!-- login Testing -->
</testng-results>
