<?xml version="1.0" encoding="UTF-8"?>
<testng-results ignored="0" total="2" passed="2" failed="0" skipped="0">
  <reporter-output>
  </reporter-output>
  <suite started-at="2024-03-14T11:25:37 BDT" name="BeforeAndAfterSuite" finished-at="2024-03-14T11:25:37 BDT" duration-ms="42">
    <groups>
      <group name="Registration">
        <method signature="Group2forSuite.loginCheck()[pri:1, instance:UI.Group2forSuite@5ffead27]" name="loginCheck" class="UI.Group2forSuite"/>
        <method signature="Group2forSuite.logoutCheck()[pri:2, instance:UI.Group2forSuite@5ffead27]" name="logoutCheck" class="UI.Group2forSuite"/>
      </group> <!-- Registration -->
      <group name="Smoke Test">
        <method signature="Group2forSuite.loginCheck()[pri:1, instance:UI.Group2forSuite@5ffead27]" name="loginCheck" class="UI.Group2forSuite"/>
      </group> <!-- Smoke Test -->
    </groups>
    <test started-at="2024-03-14T11:25:37 BDT" name="Test before suite and after suite" finished-at="2024-03-14T11:25:37 BDT" duration-ms="42">
      <class name="UI.Group2forSuite">
        <test-method is-config="true" signature="datasetup()[pri:0, instance:UI.Group2forSuite@5ffead27]" started-at="2024-03-14T11:25:37 BDT" name="datasetup" finished-at="2024-03-14T11:25:37 BDT" duration-ms="6" status="PASS">
          <reporter-output>
          </reporter-output>
        </test-method> <!-- datasetup -->
        <test-method is-config="true" signature="loginToApplication()[pri:0, instance:UI.Group2forSuite@5ffead27]" started-at="2024-03-14T11:25:37 BDT" name="loginToApplication" finished-at="2024-03-14T11:25:37 BDT" duration-ms="0" status="PASS">
          <reporter-output>
          </reporter-output>
        </test-method> <!-- loginToApplication -->
        <test-method is-config="true" signature="beforeClass()[pri:0, instance:UI.Group2forSuite@5ffead27]" started-at="2024-03-14T11:25:37 BDT" name="beforeClass" finished-at="2024-03-14T11:25:37 BDT" duration-ms="1" status="PASS">
          <reporter-output>
          </reporter-output>
        </test-method> <!-- beforeClass -->
        <test-method is-config="true" signature="Dbconnect()[pri:0, instance:UI.Group2forSuite@5ffead27]" started-at="2024-03-14T11:25:37 BDT" name="Dbconnect" finished-at="2024-03-14T11:25:37 BDT" duration-ms="1" status="PASS">
          <reporter-output>
          </reporter-output>
        </test-method> <!-- Dbconnect -->
        <test-method signature="loginCheck()[pri:1, instance:UI.Group2forSuite@5ffead27]" started-at="2024-03-14T11:25:37 BDT" name="loginCheck" finished-at="2024-03-14T11:25:37 BDT" duration-ms="5" status="PASS">
          <reporter-output>
          </reporter-output>
        </test-method> <!-- loginCheck -->
        <test-method is-config="true" signature="Dbdiscunnect()[pri:0, instance:UI.Group2forSuite@5ffead27]" started-at="2024-03-14T11:25:37 BDT" name="Dbdiscunnect" finished-at="2024-03-14T11:25:37 BDT" duration-ms="1" status="PASS">
          <reporter-output>
          </reporter-output>
        </test-method> <!-- Dbdiscunnect -->
        <test-method signature="logoutCheck()[pri:2, instance:UI.Group2forSuite@5ffead27]" started-at="2024-03-14T11:25:37 BDT" name="logoutCheck" finished-at="2024-03-14T11:25:37 BDT" duration-ms="1" status="PASS">
          <reporter-output>
          </reporter-output>
        </test-method> <!-- logoutCheck -->
        <test-method is-config="true" signature="Dbconnect()[pri:0, instance:UI.Group2forSuite@5ffead27]" started-at="2024-03-14T11:25:37 BDT" name="Dbconnect" finished-at="2024-03-14T11:25:37 BDT" duration-ms="0" status="PASS">
          <reporter-output>
          </reporter-output>
        </test-method> <!-- Dbconnect -->
        <test-method is-config="true" signature="Dbdiscunnect()[pri:0, instance:UI.Group2forSuite@5ffead27]" started-at="2024-03-14T11:25:37 BDT" name="Dbdiscunnect" finished-at="2024-03-14T11:25:37 BDT" duration-ms="0" status="PASS">
          <reporter-output>
          </reporter-output>
        </test-method> <!-- Dbdiscunnect -->
        <test-method is-config="true" signature="afterClass()[pri:0, instance:UI.Group2forSuite@5ffead27]" started-at="2024-03-14T11:25:37 BDT" name="afterClass" finished-at="2024-03-14T11:25:37 BDT" duration-ms="0" status="PASS">
          <reporter-output>
          </reporter-output>
        </test-method> <!-- afterClass -->
        <test-method is-config="true" signature="logoutToApplication()[pri:0, instance:UI.Group2forSuite@5ffead27]" started-at="2024-03-14T11:25:37 BDT" name="logoutToApplication" finished-at="2024-03-14T11:25:37 BDT" duration-ms="1" status="PASS">
          <reporter-output>
          </reporter-output>
        </test-method> <!-- logoutToApplication -->
        <test-method is-config="true" signature="dataTeardown()[pri:0, instance:UI.Group2forSuite@5ffead27]" started-at="2024-03-14T11:25:37 BDT" name="dataTeardown" finished-at="2024-03-14T11:25:37 BDT" duration-ms="0" status="PASS">
          <reporter-output>
          </reporter-output>
        </test-method> <!-- dataTeardown -->
      </class> <!-- UI.Group2forSuite -->
    </test> <!-- Test before suite and after suite -->
  </suite> <!-- BeforeAndAfterSuite -->
</testng-results>
