<?xml version="1.0" encoding="UTF-8"?>
<!-- Generated by org.testng.reporters.JUnitXMLReporter -->
<testsuite ignored="0" hostname="K-IRFAT-L2" failures="1" tests="2" name="Soft assertion Test" time="33.235" errors="0" timestamp="2024-03-13T12:41:34 BDT">
  <testcase classname="UI.VerifyTitletest" name="titleTest" time="25.386"/>
  <testcase classname="UI.VerifySoftAssertAndHardAssert" name="titleTest" time="7.842">
    <failure type="java.lang.AssertionError" message="The following asserts failed:
	title verification failed expected [Electronics, Carsdff, Fashion, Collectibles &amp;amp; More | eBay] but found [Electronics, Cars, Fashion, Collectibles &amp;amp; More | eBay]">
      <![CDATA[java.lang.AssertionError: The following asserts failed:
title verification failed expected [Electronics, Carsdff, Fashion, Collectibles & More | eBay] but found [Electronics, Cars, Fashion, Collectibles & More | eBay]
at UI.VerifySoftAssertAndHardAssert.titleTest(VerifySoftAssertAndHardAssert.java:25)
at java.base/java.util.ArrayList.forEach(ArrayList.java:1511)
... Removed 30 stack frames]]>
    </failure>
  </testcase> <!-- titleTest -->
</testsuite> <!-- Soft assertion Test -->
